<?xml version="1.0" encoding="UTF-8"?>
<testsuite name="TestSource" tests="1" skipped="0" failures="0" errors="0" timestamp="2017-05-19T09:17:04" hostname="mac0.int.mikemitterer.at" time="0.03">
  <properties/>
  <testcase name="f" classname="TestSource" time="0.03"/>
  <system-out><![CDATA[]]></system-out>
  <system-err><![CDATA[]]></system-err>
</testsuite>
